<?xml version="1.0" encoding="UTF-8"?>
<coverage generated="1619751909498" clover="3.2.0">
  <project timestamp="1619751909498" name="All files">
    <metrics statements="4" coveredstatements="4" conditionals="2" coveredconditionals="1" methods="1" coveredmethods="1" elements="7" coveredelements="6" complexity="0" loc="4" ncloc="4" packages="1" files="1" classes="1"/>
    <file name="sample.ts" path="/Users/daikigoto/Github/byron_scraper/test/sample.ts">
      <metrics statements="4" coveredstatements="4" conditionals="2" coveredconditionals="1" methods="1" coveredmethods="1"/>
      <line num="1" count="1" type="stmt"/>
      <line num="2" count="1" type="stmt"/>
      <line num="3" count="1" type="stmt"/>
      <line num="4" count="1" type="cond" truecount="1" falsecount="1"/>
    </file>
  </project>
</coverage>
