{"/Users/daikigoto/Github/byron_scraper/test/sample.ts": {"path":"/Users/daikigoto/Github/byron_scraper/test/sample.ts","statementMap":{"0":{"start":{"line":1,"column":27},"end":{"line":5,"column":1}},"1":{"start":{"line":2,"column":16},"end":{"line":2,"column":36}},"2":{"start":{"line":3,"column":24},"end":{"line":3,"column":49}},"3":{"start":{"line":4,"column":2},"end":{"line":4,"column":47}},"4":{"start":{"line":1,"column":13},"end":{"line":1,"column":27}}},"fnMap":{"0":{"name":"(anonymous_0)","decl":{"start":{"line":1,"column":27},"end":{"line":1,"column":28}},"loc":{"start":{"line":1,"column":60},"end":{"line":5,"column":1}}}},"branchMap":{"0":{"loc":{"start":{"line":4,"column":25},"end":{"line":4,"column":41}},"type":"cond-expr","locations":[{"start":{"line":4,"column":25},"end":{"line":4,"column":41}},{"start":{"line":4,"column":44},"end":{"line":4,"column":46}}]}},"s":{"0":1,"1":1,"2":1,"3":1,"4":1},"f":{"0":1},"b":{"0":[1,0]}}
}
